<?xml version="1.0" encoding="utf-8"?><testsuites name="pytest tests"><testsuite name="pytest" errors="0" failures="0" skipped="0" tests="26" time="4.069" timestamp="2026-04-25T20:31:42.582845+00:00" hostname="agent-env-694effa2-0bbc-4fd0-aab4-20a573186f32"><testcase classname="tests.test_auth" name="test_login_success" time="0.464" /><testcase classname="tests.test_auth" name="test_login_wrong_password" time="0.279" /><testcase classname="tests.test_auth" name="test_login_unknown_user" time="0.047" /><testcase classname="tests.test_auth" name="test_me_with_token" time="0.328" /><testcase classname="tests.test_auth" name="test_me_without_token" time="0.048" /><testcase classname="tests.test_auth" name="test_me_invalid_token" time="0.045" /><testcase classname="tests.test_documents" name="test_upload_without_auth" time="0.047" /><testcase classname="tests.test_documents" name="test_upload_non_pdf_rejected" time="0.052" /><testcase classname="tests.test_documents" name="test_upload_monthly_return" time="0.100" /><testcase classname="tests.test_documents" name="test_upload_forwarding_letter" time="0.096" /><testcase classname="tests.test_documents" name="test_upload_ifa_report" time="0.097" /><testcase classname="tests.test_documents" name="test_upload_random_falls_others" time="0.104" /><testcase classname="tests.test_documents" name="test_upload_category_override" time="0.099" /><testcase classname="tests.test_documents" name="test_list_documents_no_auth" time="0.053" /><testcase classname="tests.test_documents" name="test_list_filter_by_category" time="0.155" /><testcase classname="tests.test_documents" name="test_list_filter_by_year" time="0.151" /><testcase classname="tests.test_documents" name="test_years_aggregation" time="0.174" /><testcase classname="tests.test_documents" name="test_get_file_no_auth" time="0.176" /><testcase classname="tests.test_documents" name="test_get_file_not_found" time="0.055" /><testcase classname="tests.test_documents" name="test_update_metadata" time="0.203" /><testcase classname="tests.test_documents" name="test_update_without_auth" time="0.154" /><testcase classname="tests.test_documents" name="test_update_invalid_category" time="0.153" /><testcase classname="tests.test_documents" name="test_delete_without_auth" time="0.143" /><testcase classname="tests.test_documents" name="test_delete_removes_file" time="0.450" /><testcase classname="tests.test_documents" name="test_delete_not_found" time="0.060" /><testcase classname="tests.test_documents" name="test_admin_seed_exists" time="0.278" /></testsuite></testsuites>